<?xml version="1.0" encoding="UTF-8"?>
<!-- Generated by org.testng.reporters.JUnitReportReporter -->
<testsuite hostname="DESKTOP-01KE7KH" name="Testrunner.Testngrunner" tests="8" failures="0" timestamp="23 Jan 2022 03:11:57 GMT" time="0.158" errors="0">
  <testcase name="runScenario" time="0.129" classname="Testrunner.Testngrunner"/>
  <testcase name="runScenario" time="0.004" classname="Testrunner.Testngrunner"/>
  <testcase name="runScenario" time="0.003" classname="Testrunner.Testngrunner"/>
  <testcase name="runScenario" time="0.003" classname="Testrunner.Testngrunner"/>
  <testcase name="runScenario" time="0.004" classname="Testrunner.Testngrunner"/>
  <testcase name="runScenario" time="0.007" classname="Testrunner.Testngrunner"/>
  <testcase name="runScenario" time="0.004" classname="Testrunner.Testngrunner"/>
  <testcase name="runScenario" time="0.004" classname="Testrunner.Testngrunner"/>
</testsuite> <!-- Testrunner.Testngrunner -->
